  Actor.cpp
C:\Users\a016817k\Documents\GitHub\Game-projects-2021\PhysicsEngineOpengl\PhysicsEngine\RepeatedIncludes.h(2,10): fatal error C1083: Cannot open include file: 'glew.h': No such file or directory
  Application.cpp
C:\Users\a016817k\Documents\GitHub\Game-projects-2021\PhysicsEngineOpengl\PhysicsEngine\RepeatedIncludes.h(2,10): fatal error C1083: Cannot open include file: 'glew.h': No such file or directory
  CircleColliderComponent.cpp
C:\Users\a016817k\Documents\GitHub\Game-projects-2021\PhysicsEngineOpengl\PhysicsEngine\RepeatedIncludes.h(2,10): fatal error C1083: Cannot open include file: 'glew.h': No such file or directory
  Component.cpp
C:\Users\a016817k\Documents\GitHub\Game-projects-2021\PhysicsEngineOpengl\PhysicsEngine\RepeatedIncludes.h(2,10): fatal error C1083: Cannot open include file: 'glew.h': No such file or directory
  Game.cpp
C:\Users\a016817k\Documents\GitHub\Game-projects-2021\PhysicsEngineOpengl\PhysicsEngine\RepeatedIncludes.h(2,10): fatal error C1083: Cannot open include file: 'glew.h': No such file or directory
  Maths.cpp
C:\Users\a016817k\Documents\GitHub\Game-projects-2021\PhysicsEngineOpengl\PhysicsEngine\RepeatedIncludes.h(2,10): fatal error C1083: Cannot open include file: 'glew.h': No such file or directory
  Shader.cpp
C:\Users\a016817k\Documents\GitHub\Game-projects-2021\PhysicsEngineOpengl\PhysicsEngine\RepeatedIncludes.h(2,10): fatal error C1083: Cannot open include file: 'glew.h': No such file or directory
  Ship.cpp
C:\Users\a016817k\Documents\GitHub\Game-projects-2021\PhysicsEngineOpengl\PhysicsEngine\RepeatedIncludes.h(2,10): fatal error C1083: Cannot open include file: 'glew.h': No such file or directory
  SpriteComponent.cpp
C:\Users\a016817k\Documents\GitHub\Game-projects-2021\PhysicsEngineOpengl\PhysicsEngine\RepeatedIncludes.h(2,10): fatal error C1083: Cannot open include file: 'glew.h': No such file or directory
  Texture.cpp
C:\Users\a016817k\Documents\GitHub\Game-projects-2021\PhysicsEngineOpengl\PhysicsEngine\RepeatedIncludes.h(2,10): fatal error C1083: Cannot open include file: 'glew.h': No such file or directory
  TransformComponent.cpp
C:\Users\a016817k\Documents\GitHub\Game-projects-2021\PhysicsEngineOpengl\PhysicsEngine\RepeatedIncludes.h(2,10): fatal error C1083: Cannot open include file: 'glew.h': No such file or directory
  VertexArray.cpp
C:\Users\a016817k\Documents\GitHub\Game-projects-2021\PhysicsEngineOpengl\PhysicsEngine\VertexArray.h(2,10): fatal error C1083: Cannot open include file: 'glew.h': No such file or directory
  Generating Code...
