  Actor.cpp
C:\Users\a016817k\Documents\GitHub\Game-projects-2021\PhysicsEngine\PhysicsEngine\Maths.h(109,16): warning C4244: 'return': conversion from 'double' to 'float', possible loss of data
C:\Users\a016817k\Documents\GitHub\Game-projects-2021\PhysicsEngine\PhysicsEngine\Maths.h(113,28): warning C4244: 'return': conversion from 'double' to 'float', possible loss of data
C:\Users\a016817k\Documents\GitHub\Game-projects-2021\PhysicsEngine\PhysicsEngine\Maths.h(118,22): warning C4244: 'return': conversion from 'double' to 'float', possible loss of data
C:\Users\a016817k\Documents\GitHub\Game-projects-2021\PhysicsEngine\PhysicsEngine\Maths.h(123,16): warning C4244: 'return': conversion from 'double' to 'float', possible loss of data
C:\Users\a016817k\Documents\GitHub\Game-projects-2021\PhysicsEngine\PhysicsEngine\Maths.h(167,16): warning C4244: 'return': conversion from 'double' to 'float', possible loss of data
C:\Users\a016817k\Documents\GitHub\Game-projects-2021\PhysicsEngine\PhysicsEngine\Maths.h(171,46): warning C4244: 'return': conversion from 'double' to 'float', possible loss of data
  Application.cpp
C:\Users\a016817k\Documents\GitHub\Game-projects-2021\PhysicsEngine\PhysicsEngine\Maths.h(109,16): warning C4244: 'return': conversion from 'double' to 'float', possible loss of data
C:\Users\a016817k\Documents\GitHub\Game-projects-2021\PhysicsEngine\PhysicsEngine\Maths.h(113,28): warning C4244: 'return': conversion from 'double' to 'float', possible loss of data
C:\Users\a016817k\Documents\GitHub\Game-projects-2021\PhysicsEngine\PhysicsEngine\Maths.h(118,22): warning C4244: 'return': conversion from 'double' to 'float', possible loss of data
C:\Users\a016817k\Documents\GitHub\Game-projects-2021\PhysicsEngine\PhysicsEngine\Maths.h(123,16): warning C4244: 'return': conversion from 'double' to 'float', possible loss of data
C:\Users\a016817k\Documents\GitHub\Game-projects-2021\PhysicsEngine\PhysicsEngine\Maths.h(167,16): warning C4244: 'return': conversion from 'double' to 'float', possible loss of data
C:\Users\a016817k\Documents\GitHub\Game-projects-2021\PhysicsEngine\PhysicsEngine\Maths.h(171,46): warning C4244: 'return': conversion from 'double' to 'float', possible loss of data
  CircleColliderComponent.cpp
C:\Users\a016817k\Documents\GitHub\Game-projects-2021\PhysicsEngine\PhysicsEngine\Maths.h(109,16): warning C4244: 'return': conversion from 'double' to 'float', possible loss of data
C:\Users\a016817k\Documents\GitHub\Game-projects-2021\PhysicsEngine\PhysicsEngine\Maths.h(113,28): warning C4244: 'return': conversion from 'double' to 'float', possible loss of data
C:\Users\a016817k\Documents\GitHub\Game-projects-2021\PhysicsEngine\PhysicsEngine\Maths.h(118,22): warning C4244: 'return': conversion from 'double' to 'float', possible loss of data
C:\Users\a016817k\Documents\GitHub\Game-projects-2021\PhysicsEngine\PhysicsEngine\Maths.h(123,16): warning C4244: 'return': conversion from 'double' to 'float', possible loss of data
C:\Users\a016817k\Documents\GitHub\Game-projects-2021\PhysicsEngine\PhysicsEngine\Maths.h(167,16): warning C4244: 'return': conversion from 'double' to 'float', possible loss of data
C:\Users\a016817k\Documents\GitHub\Game-projects-2021\PhysicsEngine\PhysicsEngine\Maths.h(171,46): warning C4244: 'return': conversion from 'double' to 'float', possible loss of data
  Component.cpp
C:\Users\a016817k\Documents\GitHub\Game-projects-2021\PhysicsEngine\PhysicsEngine\Maths.h(109,16): warning C4244: 'return': conversion from 'double' to 'float', possible loss of data
C:\Users\a016817k\Documents\GitHub\Game-projects-2021\PhysicsEngine\PhysicsEngine\Maths.h(113,28): warning C4244: 'return': conversion from 'double' to 'float', possible loss of data
C:\Users\a016817k\Documents\GitHub\Game-projects-2021\PhysicsEngine\PhysicsEngine\Maths.h(118,22): warning C4244: 'return': conversion from 'double' to 'float', possible loss of data
C:\Users\a016817k\Documents\GitHub\Game-projects-2021\PhysicsEngine\PhysicsEngine\Maths.h(123,16): warning C4244: 'return': conversion from 'double' to 'float', possible loss of data
C:\Users\a016817k\Documents\GitHub\Game-projects-2021\PhysicsEngine\PhysicsEngine\Maths.h(167,16): warning C4244: 'return': conversion from 'double' to 'float', possible loss of data
C:\Users\a016817k\Documents\GitHub\Game-projects-2021\PhysicsEngine\PhysicsEngine\Maths.h(171,46): warning C4244: 'return': conversion from 'double' to 'float', possible loss of data
  Game.cpp
C:\Users\a016817k\Documents\GitHub\Game-projects-2021\PhysicsEngine\PhysicsEngine\Maths.h(109,16): warning C4244: 'return': conversion from 'double' to 'float', possible loss of data
C:\Users\a016817k\Documents\GitHub\Game-projects-2021\PhysicsEngine\PhysicsEngine\Maths.h(113,28): warning C4244: 'return': conversion from 'double' to 'float', possible loss of data
C:\Users\a016817k\Documents\GitHub\Game-projects-2021\PhysicsEngine\PhysicsEngine\Maths.h(118,22): warning C4244: 'return': conversion from 'double' to 'float', possible loss of data
C:\Users\a016817k\Documents\GitHub\Game-projects-2021\PhysicsEngine\PhysicsEngine\Maths.h(123,16): warning C4244: 'return': conversion from 'double' to 'float', possible loss of data
C:\Users\a016817k\Documents\GitHub\Game-projects-2021\PhysicsEngine\PhysicsEngine\Maths.h(167,16): warning C4244: 'return': conversion from 'double' to 'float', possible loss of data
C:\Users\a016817k\Documents\GitHub\Game-projects-2021\PhysicsEngine\PhysicsEngine\Maths.h(171,46): warning C4244: 'return': conversion from 'double' to 'float', possible loss of data
  TransformComponent.cpp
C:\Users\a016817k\Documents\GitHub\Game-projects-2021\PhysicsEngine\PhysicsEngine\Maths.h(109,16): warning C4244: 'return': conversion from 'double' to 'float', possible loss of data
C:\Users\a016817k\Documents\GitHub\Game-projects-2021\PhysicsEngine\PhysicsEngine\Maths.h(113,28): warning C4244: 'return': conversion from 'double' to 'float', possible loss of data
C:\Users\a016817k\Documents\GitHub\Game-projects-2021\PhysicsEngine\PhysicsEngine\Maths.h(118,22): warning C4244: 'return': conversion from 'double' to 'float', possible loss of data
C:\Users\a016817k\Documents\GitHub\Game-projects-2021\PhysicsEngine\PhysicsEngine\Maths.h(123,16): warning C4244: 'return': conversion from 'double' to 'float', possible loss of data
C:\Users\a016817k\Documents\GitHub\Game-projects-2021\PhysicsEngine\PhysicsEngine\Maths.h(167,16): warning C4244: 'return': conversion from 'double' to 'float', possible loss of data
C:\Users\a016817k\Documents\GitHub\Game-projects-2021\PhysicsEngine\PhysicsEngine\Maths.h(171,46): warning C4244: 'return': conversion from 'double' to 'float', possible loss of data
  Generating Code...
C:\Users\a016817k\Documents\GitHub\Game-projects-2021\PhysicsEngine\PhysicsEngine\CircleColliderComponent.cpp(16): warning C4172: returning address of local variable or temporary
  PhysicsEngine.vcxproj -> C:\Users\a016817k\Documents\GitHub\Game-projects-2021\PhysicsEngine\Debug\PhysicsEngine.exe
